2019/08/30 15:15:41.443 [I] [asm_amd64.s:1337]  http server Running on http://:8080
2019/09/02 11:19:38.826 [I] [asm_amd64.s:1337]  http server Running on http://:8080
2019/09/02 11:21:50.529 [D] [server.go:2774]  |            ::1|[97;43m 404 [0m|    760.716µs| nomatch|[97;46m POST    [0m /v1/admin/getProfile
2019/09/02 11:22:30.725 [D] [server.go:2774]  |            ::1|[97;43m 404 [0m|     451.51µs| nomatch|[97;46m POST    [0m /v1/admin/getProfile
2019/09/06 15:02:01.275 [I] [asm_amd64.s:1337]  http server Running on http://:8080
2019/09/06 15:16:24.520 [I] [asm_amd64.s:1337]  http server Running on http://:8080
2019/09/06 15:17:18.795 [I] [asm_amd64.s:1337]  http server Running on http://:8080
2019/09/06 15:18:59.452 [D] [server.go:2774]  |            ::1|[97;42m 200 [0m|    308.021µs| nomatch|[90;47m OPTIONS [0m /v1/auth/checkLogin
2019/09/06 15:18:59.468 [I] [value.go:447]  Check Login:  U1550639626724628891 true
2019/09/06 15:18:59.480 [D] [server.go:2774]  |            ::1|[97;42m 200 [0m|  12.446064ms|   match|[97;44m GET     [0m /v1/auth/checkLogin   r:/v1/auth/checkLogin
2019/09/06 15:18:59.593 [D] [server.go:2774]  |            ::1|[97;42m 200 [0m|    354.507µs| nomatch|[90;47m OPTIONS [0m /v1/kpi/listSale
2019/09/06 15:18:59.630 [D] [server.go:2774]  |            ::1|[97;42m 200 [0m|  32.059842ms|   match|[97;46m POST    [0m /v1/kpi/listSale   r:/v1/kpi/listSale
2019/09/06 15:19:17.363 [D] [server.go:2774]  |            ::1|[97;42m 200 [0m|    320.388µs| nomatch|[90;47m OPTIONS [0m /v1/auth/checkLogin
2019/09/06 15:19:17.391 [I] [value.go:447]  Check Login:  U1550639626724628891 true
2019/09/06 15:19:17.440 [D] [server.go:2774]  |            ::1|[97;42m 200 [0m|  51.287056ms|   match|[97;44m GET     [0m /v1/auth/checkLogin   r:/v1/auth/checkLogin
2019/09/06 15:19:17.458 [D] [server.go:2774]  |            ::1|[97;42m 200 [0m|    160.536µs| nomatch|[90;47m OPTIONS [0m /v1/kpi/listSale
2019/09/06 15:19:17.553 [D] [server.go:2774]  |            ::1|[97;42m 200 [0m|  13.558956ms|   match|[97;46m POST    [0m /v1/kpi/listSale   r:/v1/kpi/listSale
2019/09/06 15:23:40.406 [D] [server.go:2774]  |            ::1|[97;42m 200 [0m|   1.330758ms| nomatch|[90;47m OPTIONS [0m /v1/auth/checkLogin
2019/09/06 15:23:40.411 [I] [value.go:447]  Check Login:  U1550639626724628891 true
2019/09/06 15:23:40.425 [D] [server.go:2774]  |            ::1|[97;42m 200 [0m|  13.926242ms|   match|[97;44m GET     [0m /v1/auth/checkLogin   r:/v1/auth/checkLogin
2019/09/06 15:23:40.558 [D] [server.go:2774]  |            ::1|[97;42m 200 [0m|    125.079µs| nomatch|[90;47m OPTIONS [0m /v1/kpi/listSale
2019/09/06 15:23:40.578 [D] [server.go:2774]  |            ::1|[97;42m 200 [0m|   15.66831ms|   match|[97;46m POST    [0m /v1/kpi/listSale   r:/v1/kpi/listSale
2019/09/06 15:23:47.156 [D] [server.go:2774]  |            ::1|[97;42m 200 [0m|    653.224µs| nomatch|[90;47m OPTIONS [0m /v1/auth/checkLogin
2019/09/06 15:23:47.162 [I] [value.go:447]  Check Login:  U1550639626724628891 true
2019/09/06 15:23:47.173 [D] [server.go:2774]  |            ::1|[97;42m 200 [0m|  11.300358ms|   match|[97;44m GET     [0m /v1/auth/checkLogin   r:/v1/auth/checkLogin
2019/09/06 15:23:47.192 [D] [server.go:2774]  |            ::1|[97;42m 200 [0m|    180.242µs| nomatch|[90;47m OPTIONS [0m /v1/kpi/listSale
2019/09/06 15:23:47.215 [D] [server.go:2774]  |            ::1|[97;42m 200 [0m|  18.432366ms|   match|[97;46m POST    [0m /v1/kpi/listSale   r:/v1/kpi/listSale
2019/09/06 15:27:06.984 [D] [server.go:2774]  |            ::1|[97;42m 200 [0m|    285.108µs| nomatch|[90;47m OPTIONS [0m /v1/auth/checkLogin
2019/09/06 15:27:06.997 [I] [value.go:447]  Check Login:  U1550639626724628891 true
2019/09/06 15:27:07.008 [D] [server.go:2774]  |            ::1|[97;42m 200 [0m|   11.31461ms|   match|[97;44m GET     [0m /v1/auth/checkLogin   r:/v1/auth/checkLogin
2019/09/06 15:27:07.188 [D] [server.go:2774]  |            ::1|[97;42m 200 [0m|     81.355µs| nomatch|[90;47m OPTIONS [0m /v1/kpi/listSale
2019/09/06 15:27:07.211 [D] [server.go:2774]  |            ::1|[97;42m 200 [0m|  20.340499ms|   match|[97;46m POST    [0m /v1/kpi/listSale   r:/v1/kpi/listSale
2019/09/06 15:27:26.154 [D] [server.go:2774]  |            ::1|[97;42m 200 [0m|    119.032µs| nomatch|[90;47m OPTIONS [0m /v1/auth/checkLogin
2019/09/06 15:27:26.159 [I] [value.go:447]  Check Login:  U1550639626724628891 true
2019/09/06 15:27:26.174 [D] [server.go:2774]  |            ::1|[97;42m 200 [0m|  15.429864ms|   match|[97;44m GET     [0m /v1/auth/checkLogin   r:/v1/auth/checkLogin
2019/09/06 15:27:26.202 [D] [server.go:2774]  |            ::1|[97;42m 200 [0m|     96.084µs| nomatch|[90;47m OPTIONS [0m /v1/kpi/listSale
2019/09/06 15:27:26.238 [D] [server.go:2774]  |            ::1|[97;42m 200 [0m|  12.790343ms|   match|[97;46m POST    [0m /v1/kpi/listSale   r:/v1/kpi/listSale
2019/09/06 15:27:28.250 [I] [value.go:447]  Check Login:  U1550639626724628891 true
2019/09/06 15:27:28.263 [D] [server.go:2774]  |            ::1|[97;42m 200 [0m|  13.098167ms|   match|[97;44m GET     [0m /v1/auth/checkLogin   r:/v1/auth/checkLogin
2019/09/06 15:27:28.430 [D] [server.go:2774]  |            ::1|[97;42m 200 [0m|   15.58864ms|   match|[97;46m POST    [0m /v1/kpi/listSale   r:/v1/kpi/listSale
2019/09/06 15:27:31.411 [D] [server.go:2774]  |            ::1|[97;42m 200 [0m|     80.047µs| nomatch|[90;47m OPTIONS [0m /v1/auth/checkLogin
2019/09/06 15:27:31.417 [I] [value.go:447]  Check Login:  U1550639626724628891 true
2019/09/06 15:27:31.429 [D] [server.go:2774]  |            ::1|[97;42m 200 [0m|  12.225257ms|   match|[97;44m GET     [0m /v1/auth/checkLogin   r:/v1/auth/checkLogin
2019/09/06 15:27:31.498 [D] [server.go:2774]  |            ::1|[97;42m 200 [0m|    796.833µs| nomatch|[90;47m OPTIONS [0m /v1/kpi/listSale
2019/09/06 15:27:31.524 [D] [server.go:2774]  |            ::1|[97;42m 200 [0m|  18.811833ms|   match|[97;46m POST    [0m /v1/kpi/listSale   r:/v1/kpi/listSale
2019/09/06 15:29:14.233 [I] [asm_amd64.s:1337]  http server Running on http://:8080
2019/09/06 15:29:32.965 [I] [asm_amd64.s:1337]  http server Running on http://:8080
2019/09/06 15:29:45.204 [D] [server.go:2774]  |            ::1|[97;42m 200 [0m|    235.802µs| nomatch|[90;47m OPTIONS [0m /v1/auth/checkLogin
2019/09/06 15:29:45.241 [I] [value.go:447]  Check Login:  U1550639626724628891 true
2019/09/06 15:29:45.255 [D] [server.go:2774]  |            ::1|[97;42m 200 [0m|  13.404796ms|   match|[97;44m GET     [0m /v1/auth/checkLogin   r:/v1/auth/checkLogin
2019/09/06 15:29:45.406 [D] [server.go:2774]  |            ::1|[97;42m 200 [0m|    130.511µs| nomatch|[90;47m OPTIONS [0m /v1/kpi/listSale
2019/09/06 15:29:45.427 [D] [server.go:2774]  |            ::1|[97;42m 200 [0m|  14.763923ms|   match|[97;46m POST    [0m /v1/kpi/listSale   r:/v1/kpi/listSale
2019/09/06 15:30:03.263 [D] [server.go:2774]  |            ::1|[97;42m 200 [0m|     68.282µs| nomatch|[90;47m OPTIONS [0m /v1/auth/checkLogin
2019/09/06 15:30:03.274 [I] [value.go:447]  Check Login:  U1550639626724628891 true
2019/09/06 15:30:03.285 [D] [server.go:2774]  |            ::1|[97;42m 200 [0m|  11.406703ms|   match|[97;44m GET     [0m /v1/auth/checkLogin   r:/v1/auth/checkLogin
2019/09/06 15:30:03.586 [D] [server.go:2774]  |            ::1|[97;42m 200 [0m|    198.608µs| nomatch|[90;47m OPTIONS [0m /v1/kpi/listSale
2019/09/06 15:30:03.607 [D] [server.go:2774]  |            ::1|[97;42m 200 [0m|  13.527484ms|   match|[97;46m POST    [0m /v1/kpi/listSale   r:/v1/kpi/listSale
2019/09/06 15:30:39.707 [I] [asm_amd64.s:1337]  http server Running on http://:8080
2019/09/06 15:30:44.014 [I] [asm_amd64.s:1337]  http server Running on http://:8080
2019/09/06 15:31:00.824 [D] [server.go:2774]  |            ::1|[97;42m 200 [0m|    176.916µs| nomatch|[90;47m OPTIONS [0m /v1/auth/checkLogin
2019/09/06 15:31:00.835 [I] [value.go:447]  Check Login:  U1550639626724628891 true
2019/09/06 15:31:00.847 [D] [server.go:2774]  |            ::1|[97;42m 200 [0m|  12.592264ms|   match|[97;44m GET     [0m /v1/auth/checkLogin   r:/v1/auth/checkLogin
2019/09/06 15:31:00.911 [D] [server.go:2774]  |            ::1|[97;42m 200 [0m|    107.068µs| nomatch|[90;47m OPTIONS [0m /v1/kpi/listSale
2019/09/06 15:31:00.929 [D] [server.go:2774]  |            ::1|[97;42m 200 [0m|   12.34882ms|   match|[97;46m POST    [0m /v1/kpi/listSale   r:/v1/kpi/listSale
2019/09/06 15:34:08.779 [I] [asm_amd64.s:1337]  http server Running on http://:8080
2019/09/06 15:34:19.001 [D] [server.go:2774]  |            ::1|[97;42m 200 [0m|    364.836µs| nomatch|[90;47m OPTIONS [0m /v1/auth/checkLogin
2019/09/06 15:34:19.019 [I] [value.go:447]  Check Login:  U1550639626724628891 true
2019/09/06 15:34:19.030 [D] [server.go:2774]  |            ::1|[97;42m 200 [0m|  11.380554ms|   match|[97;44m GET     [0m /v1/auth/checkLogin   r:/v1/auth/checkLogin
2019/09/06 15:34:19.376 [D] [server.go:2774]  |            ::1|[97;42m 200 [0m|     91.791µs| nomatch|[90;47m OPTIONS [0m /v1/kpi/listSale
2019/09/06 15:34:19.469 [D] [server.go:2774]  |            ::1|[97;42m 200 [0m|  15.168676ms|   match|[97;46m POST    [0m /v1/kpi/listSale   r:/v1/kpi/listSale
2019/09/06 15:34:28.284 [D] [server.go:2774]  |            ::1|[97;42m 200 [0m|     87.995µs| nomatch|[90;47m OPTIONS [0m /v1/auth/checkLogin
2019/09/06 15:34:28.311 [I] [value.go:447]  Check Login:  U1550639626724628891 true
2019/09/06 15:34:28.321 [D] [server.go:2774]  |            ::1|[97;42m 200 [0m|  10.815135ms|   match|[97;44m GET     [0m /v1/auth/checkLogin   r:/v1/auth/checkLogin
2019/09/06 15:34:28.630 [D] [server.go:2774]  |            ::1|[97;42m 200 [0m|    493.331µs| nomatch|[90;47m OPTIONS [0m /v1/kpi/listSale
2019/09/06 15:34:28.786 [D] [server.go:2774]  |            ::1|[97;42m 200 [0m|  41.271852ms|   match|[97;46m POST    [0m /v1/kpi/listSale   r:/v1/kpi/listSale
2019/09/06 15:34:33.297 [I] [value.go:447]  Check Login:  U1550639626724628891 true
2019/09/06 15:34:33.312 [D] [server.go:2774]  |            ::1|[97;42m 200 [0m|  15.872659ms|   match|[97;44m GET     [0m /v1/auth/checkLogin   r:/v1/auth/checkLogin
2019/09/06 15:34:33.592 [D] [server.go:2774]  |            ::1|[97;42m 200 [0m|  12.690378ms|   match|[97;46m POST    [0m /v1/kpi/listSale   r:/v1/kpi/listSale
2019/09/06 15:41:49.702 [I] [asm_amd64.s:1337]  http server Running on http://:8080
2019/09/06 15:42:44.698 [I] [asm_amd64.s:1337]  http server Running on http://:8080
2019/09/06 15:42:48.735 [I] [asm_amd64.s:1337]  http server Running on http://:8080
2019/09/06 15:42:57.679 [D] [server.go:2774]  |            ::1|[97;42m 200 [0m|    644.631µs| nomatch|[90;47m OPTIONS [0m /v1/auth/checkLogin
2019/09/06 15:42:57.723 [I] [value.go:447]  Check Login:  U1550639626724628891 true
2019/09/06 15:42:57.738 [D] [server.go:2774]  |            ::1|[97;42m 200 [0m|  15.341786ms|   match|[97;44m GET     [0m /v1/auth/checkLogin   r:/v1/auth/checkLogin
2019/09/06 15:42:58.027 [D] [server.go:2774]  |            ::1|[97;42m 200 [0m|    112.508µs| nomatch|[90;47m OPTIONS [0m /v1/kpi/listSale
2019/09/06 15:42:58.102 [D] [server.go:2774]  |            ::1|[97;42m 200 [0m|  44.407682ms|   match|[97;46m POST    [0m /v1/kpi/listSale   r:/v1/kpi/listSale
2019/09/06 15:43:05.833 [D] [server.go:2774]  |            ::1|[97;42m 200 [0m|   1.354717ms| nomatch|[90;47m OPTIONS [0m /v1/auth/checkLogin
2019/09/06 15:43:05.848 [I] [value.go:447]  Check Login:  U1550639626724628891 true
2019/09/06 15:43:05.860 [D] [server.go:2774]  |            ::1|[97;42m 200 [0m|  11.947792ms|   match|[97;44m GET     [0m /v1/auth/checkLogin   r:/v1/auth/checkLogin
2019/09/06 15:43:06.111 [D] [server.go:2774]  |            ::1|[97;42m 200 [0m|    152.094µs| nomatch|[90;47m OPTIONS [0m /v1/kpi/listSale
2019/09/06 15:43:06.129 [D] [server.go:2774]  |            ::1|[97;42m 200 [0m|  11.901206ms|   match|[97;46m POST    [0m /v1/kpi/listSale   r:/v1/kpi/listSale
2019/09/06 15:43:09.847 [I] [value.go:447]  Check Login:  U1550639626724628891 true
2019/09/06 15:43:09.860 [D] [server.go:2774]  |            ::1|[97;42m 200 [0m|  12.944012ms|   match|[97;44m GET     [0m /v1/auth/checkLogin   r:/v1/auth/checkLogin
2019/09/06 15:43:09.908 [D] [server.go:2774]  |            ::1|[97;42m 200 [0m|  10.800638ms|   match|[97;46m POST    [0m /v1/kpi/listSale   r:/v1/kpi/listSale
2019/09/06 15:44:28.510 [I] [asm_amd64.s:1337]  http server Running on http://:8080
2019/09/06 15:45:00.444 [I] [asm_amd64.s:1337]  http server Running on http://:8080
2019/09/06 15:45:06.795 [I] [asm_amd64.s:1337]  http server Running on http://:8080
2019/09/06 15:45:11.369 [I] [asm_amd64.s:1337]  http server Running on http://:8080
2019/09/06 15:45:19.986 [I] [asm_amd64.s:1337]  http server Running on http://:8080
2019/09/06 15:45:40.105 [I] [asm_amd64.s:1337]  http server Running on http://:8080
2019/09/06 15:46:25.564 [D] [server.go:2774]  |            ::1|[97;42m 200 [0m|    319.865µs| nomatch|[90;47m OPTIONS [0m /v1/auth/checkLogin
2019/09/06 15:46:25.583 [I] [value.go:447]  Check Login:  U1550639626724628891 true
2019/09/06 15:46:25.595 [D] [server.go:2774]  |            ::1|[97;42m 200 [0m|  13.015623ms|   match|[97;44m GET     [0m /v1/auth/checkLogin   r:/v1/auth/checkLogin
2019/09/06 15:46:26.090 [D] [server.go:2774]  |            ::1|[97;42m 200 [0m|    129.319µs| nomatch|[90;47m OPTIONS [0m /v1/kpi/listSale
2019/09/06 15:46:26.107 [D] [server.go:2774]  |            ::1|[97;42m 200 [0m|  13.183361ms|   match|[97;46m POST    [0m /v1/kpi/listSale   r:/v1/kpi/listSale
2019/09/06 15:46:38.177 [D] [server.go:2774]  |            ::1|[97;42m 200 [0m|    312.184µs| nomatch|[90;47m OPTIONS [0m /v1/auth/checkLogin
2019/09/06 15:46:38.223 [I] [value.go:447]  Check Login:  U1550639626724628891 true
2019/09/06 15:46:38.234 [D] [server.go:2774]  |            ::1|[97;42m 200 [0m|  11.279762ms|   match|[97;44m GET     [0m /v1/auth/checkLogin   r:/v1/auth/checkLogin
2019/09/06 15:46:38.258 [D] [server.go:2774]  |            ::1|[97;42m 200 [0m|     79.215µs| nomatch|[90;47m OPTIONS [0m /v1/kpi/listSale
2019/09/06 15:46:38.289 [D] [server.go:2774]  |            ::1|[97;42m 200 [0m|  23.995093ms|   match|[97;46m POST    [0m /v1/kpi/listSale   r:/v1/kpi/listSale
2019/09/06 15:48:03.183 [I] [asm_amd64.s:1337]  http server Running on http://:8080
2019/09/06 15:48:18.298 [D] [server.go:2774]  |            ::1|[97;42m 200 [0m|    355.394µs| nomatch|[90;47m OPTIONS [0m /v1/auth/checkLogin
2019/09/06 15:48:18.312 [I] [value.go:447]  Check Login:  U1550639626724628891 true
2019/09/06 15:48:18.325 [D] [server.go:2774]  |            ::1|[97;42m 200 [0m|  13.892832ms|   match|[97;44m GET     [0m /v1/auth/checkLogin   r:/v1/auth/checkLogin
2019/09/06 15:48:18.557 [D] [server.go:2774]  |            ::1|[97;42m 200 [0m|    124.094µs| nomatch|[90;47m OPTIONS [0m /v1/kpi/listSale
2019/09/06 15:48:18.574 [D] [server.go:2774]  |            ::1|[97;42m 200 [0m|  12.775067ms|   match|[97;46m POST    [0m /v1/kpi/listSale   r:/v1/kpi/listSale
2019/09/06 15:48:22.745 [I] [value.go:447]  Check Login:  U1550639626724628891 true
2019/09/06 15:48:22.759 [D] [server.go:2774]  |            ::1|[97;42m 200 [0m|  14.509182ms|   match|[97;44m GET     [0m /v1/auth/checkLogin   r:/v1/auth/checkLogin
2019/09/06 15:48:22.818 [D] [server.go:2774]  |            ::1|[97;42m 200 [0m|  11.886943ms|   match|[97;46m POST    [0m /v1/kpi/listSale   r:/v1/kpi/listSale
2019/09/06 15:49:20.568 [D] [server.go:2774]  |            ::1|[97;42m 200 [0m|    236.457µs| nomatch|[90;47m OPTIONS [0m /v1/auth/checkLogin
2019/09/06 15:49:20.571 [I] [value.go:447]  Check Login:  U1550639626724628891 true
2019/09/06 15:49:20.584 [D] [server.go:2774]  |            ::1|[97;42m 200 [0m|  12.407097ms|   match|[97;44m GET     [0m /v1/auth/checkLogin   r:/v1/auth/checkLogin
2019/09/06 15:49:20.694 [D] [server.go:2774]  |            ::1|[97;42m 200 [0m|     94.009µs| nomatch|[90;47m OPTIONS [0m /v1/kpi/listSale
2019/09/06 15:49:20.710 [D] [server.go:2774]  |            ::1|[97;42m 200 [0m|  13.465789ms|   match|[97;46m POST    [0m /v1/kpi/listSale   r:/v1/kpi/listSale
2019/09/06 15:53:29.588 [I] [asm_amd64.s:1337]  http server Running on http://:8080
2019/09/06 15:54:25.501 [I] [asm_amd64.s:1337]  http server Running on http://:8080
2019/09/06 15:58:36.929 [D] [server.go:2774]  |            ::1|[97;42m 200 [0m|    256.058µs| nomatch|[90;47m OPTIONS [0m /v1/auth/checkLogin
2019/09/06 15:58:36.947 [I] [value.go:447]  Check Login:  U1550639626724628891 true
2019/09/06 15:58:36.959 [D] [server.go:2774]  |            ::1|[97;42m 200 [0m|  12.322047ms|   match|[97;44m GET     [0m /v1/auth/checkLogin   r:/v1/auth/checkLogin
2019/09/06 15:58:37.080 [D] [server.go:2774]  |            ::1|[97;42m 200 [0m|    107.899µs| nomatch|[90;47m OPTIONS [0m /v1/kpi/listSale
2019/09/06 15:58:37.098 [D] [server.go:2774]  |            ::1|[97;42m 200 [0m|    15.0602ms|   match|[97;46m POST    [0m /v1/kpi/listSale   r:/v1/kpi/listSale
2019/09/06 15:58:40.511 [I] [value.go:447]  Check Login:  U1550639626724628891 true
2019/09/06 15:58:40.526 [D] [server.go:2774]  |            ::1|[97;42m 200 [0m|  15.432967ms|   match|[97;44m GET     [0m /v1/auth/checkLogin   r:/v1/auth/checkLogin
2019/09/06 15:58:40.575 [D] [server.go:2774]  |            ::1|[97;42m 200 [0m|     62.193µs| nomatch|[90;47m OPTIONS [0m /v1/kpi/list
2019/09/06 15:58:40.673 [D] [server.go:2774]  |            ::1|[97;42m 200 [0m|  15.310302ms|   match|[97;46m POST    [0m /v1/kpi/list   r:/v1/kpi/list
2019/09/06 16:02:14.684 [D] [server.go:2774]  |            ::1|[97;42m 200 [0m|   4.915845ms| nomatch|[90;47m OPTIONS [0m /v1/auth/checkLogin
2019/09/06 16:02:14.701 [I] [value.go:447]  Check Login:  U1550639626724628891 true
2019/09/06 16:02:14.716 [D] [server.go:2774]  |            ::1|[97;42m 200 [0m|  15.324163ms|   match|[97;44m GET     [0m /v1/auth/checkLogin   r:/v1/auth/checkLogin
2019/09/06 16:02:19.908 [D] [server.go:2774]  |            ::1|[97;42m 200 [0m|    219.501µs| nomatch|[90;47m OPTIONS [0m /v1/auth/checkLogin
2019/09/06 16:02:19.915 [I] [value.go:447]  Check Login:  U1550639626724628891 true
2019/09/06 16:02:19.946 [D] [server.go:2774]  |            ::1|[97;42m 200 [0m|  30.819586ms|   match|[97;44m GET     [0m /v1/auth/checkLogin   r:/v1/auth/checkLogin
2019/09/06 16:02:46.391 [D] [server.go:2774]  |            ::1|[97;42m 200 [0m|    265.793µs| nomatch|[90;47m OPTIONS [0m /v1/auth/checkLogin
2019/09/06 16:02:46.423 [I] [value.go:447]  Check Login:  U1550639626724628891 true
2019/09/06 16:02:46.436 [D] [server.go:2774]  |            ::1|[97;42m 200 [0m|   13.04026ms|   match|[97;44m GET     [0m /v1/auth/checkLogin   r:/v1/auth/checkLogin
2019/09/06 16:02:53.780 [D] [server.go:2774]  |            ::1|[97;42m 200 [0m|   1.477946ms| nomatch|[90;47m OPTIONS [0m /v1/auth/checkLogin
2019/09/06 16:02:53.792 [I] [value.go:447]  Check Login:  U1550639626724628891 true
2019/09/06 16:02:53.804 [D] [server.go:2774]  |            ::1|[97;42m 200 [0m|  11.500189ms|   match|[97;44m GET     [0m /v1/auth/checkLogin   r:/v1/auth/checkLogin
2019/09/06 16:20:41.632 [D] [server.go:2774]  |            ::1|[97;42m 200 [0m|   2.177804ms| nomatch|[90;47m OPTIONS [0m /v1/auth/checkLogin
2019/09/06 16:20:41.682 [I] [value.go:447]  Check Login:  U1550639626724628891 true
2019/09/06 16:20:41.901 [D] [server.go:2774]  |            ::1|[97;42m 200 [0m| 220.108852ms|   match|[97;44m GET     [0m /v1/auth/checkLogin   r:/v1/auth/checkLogin
2019/09/06 16:24:12.690 [D] [server.go:2774]  |            ::1|[97;42m 200 [0m|    307.427µs| nomatch|[90;47m OPTIONS [0m /v1/auth/checkLogin
2019/09/06 16:24:12.700 [I] [value.go:447]  Check Login:  U1550639626724628891 true
2019/09/06 16:24:12.916 [D] [server.go:2774]  |            ::1|[97;42m 200 [0m| 216.651027ms|   match|[97;44m GET     [0m /v1/auth/checkLogin   r:/v1/auth/checkLogin
2019/09/06 16:36:00.247 [D] [server.go:2774]  |            ::1|[97;42m 200 [0m|   1.619243ms| nomatch|[90;47m OPTIONS [0m /v1/auth/checkLogin
2019/09/06 16:36:00.285 [I] [value.go:447]  Check Login:  U1550639626724628891 true
2019/09/06 16:36:00.304 [D] [server.go:2774]  |            ::1|[97;42m 200 [0m|  19.151039ms|   match|[97;44m GET     [0m /v1/auth/checkLogin   r:/v1/auth/checkLogin
2019/09/06 16:36:00.374 [D] [server.go:2774]  |            ::1|[97;42m 200 [0m|    170.487µs| nomatch|[90;47m OPTIONS [0m /v1/kpi/listSaleItem
2019/09/06 16:36:00.379 [D] [server.go:2774]  |            ::1|[97;43m 404 [0m|   1.215657ms| nomatch|[97;46m POST    [0m /v1/kpi/listSaleItem
2019/09/06 16:36:05.171 [I] [value.go:447]  Check Login:  U1550639626724628891 true
2019/09/06 16:36:05.186 [D] [server.go:2774]  |            ::1|[97;42m 200 [0m|  14.821421ms|   match|[97;44m GET     [0m /v1/auth/checkLogin   r:/v1/auth/checkLogin
2019/09/06 16:36:05.239 [D] [server.go:2774]  |            ::1|[97;43m 404 [0m|   3.492067ms| nomatch|[97;46m POST    [0m /v1/kpi/listSaleItem
2019/09/06 16:36:20.980 [D] [server.go:2774]  |            ::1|[97;42m 200 [0m|      90.58µs| nomatch|[90;47m OPTIONS [0m /v1/auth/checkLogin
2019/09/06 16:36:21.002 [I] [value.go:447]  Check Login:  U1550639626724628891 true
2019/09/06 16:36:21.016 [D] [server.go:2774]  |            ::1|[97;42m 200 [0m|  14.117192ms|   match|[97;44m GET     [0m /v1/auth/checkLogin   r:/v1/auth/checkLogin
2019/09/06 16:36:21.047 [D] [server.go:2774]  |            ::1|[97;42m 200 [0m|     69.448µs| nomatch|[90;47m OPTIONS [0m /v1/kpi/listSaleItem
2019/09/06 16:36:21.051 [D] [server.go:2774]  |            ::1|[97;43m 404 [0m|    276.788µs| nomatch|[97;46m POST    [0m /v1/kpi/listSaleItem
2019/09/06 16:36:43.532 [D] [server.go:2774]  |            ::1|[97;42m 200 [0m|     88.797µs| nomatch|[90;47m OPTIONS [0m /v1/auth/checkLogin
2019/09/06 16:36:43.542 [I] [value.go:447]  Check Login:  U1550639626724628891 true
2019/09/06 16:36:43.561 [D] [server.go:2774]  |            ::1|[97;42m 200 [0m|  18.686451ms|   match|[97;44m GET     [0m /v1/auth/checkLogin   r:/v1/auth/checkLogin
2019/09/06 16:36:43.609 [D] [server.go:2774]  |            ::1|[97;42m 200 [0m|    125.985µs| nomatch|[90;47m OPTIONS [0m /v1/kpi/listSaleItem
2019/09/06 16:36:43.621 [D] [server.go:2774]  |            ::1|[97;43m 404 [0m|    213.301µs| nomatch|[97;46m POST    [0m /v1/kpi/listSaleItem
2019/09/06 16:37:26.699 [D] [server.go:2774]  |            ::1|[97;42m 200 [0m|     83.846µs| nomatch|[90;47m OPTIONS [0m /v1/auth/checkLogin
2019/09/06 16:37:26.726 [I] [value.go:447]  Check Login:  U1550639626724628891 true
2019/09/06 16:37:26.739 [D] [server.go:2774]  |            ::1|[97;42m 200 [0m|   13.05044ms|   match|[97;44m GET     [0m /v1/auth/checkLogin   r:/v1/auth/checkLogin
2019/09/06 16:37:26.776 [D] [server.go:2774]  |            ::1|[97;42m 200 [0m|      56.61µs| nomatch|[90;47m OPTIONS [0m /v1/kpi/listSaleItem
2019/09/06 16:37:26.782 [D] [server.go:2774]  |            ::1|[97;43m 404 [0m|    766.817µs| nomatch|[97;46m POST    [0m /v1/kpi/listSaleItem
2019/09/06 16:37:38.196 [D] [server.go:2774]  |            ::1|[97;42m 200 [0m|     59.741µs| nomatch|[90;47m OPTIONS [0m /v1/auth/checkLogin
2019/09/06 16:37:38.212 [I] [value.go:447]  Check Login:  U1550639626724628891 true
2019/09/06 16:37:38.251 [D] [server.go:2774]  |            ::1|[97;42m 200 [0m|  40.599122ms|   match|[97;44m GET     [0m /v1/auth/checkLogin   r:/v1/auth/checkLogin
2019/09/06 16:37:38.275 [D] [server.go:2774]  |            ::1|[97;42m 200 [0m|     96.756µs| nomatch|[90;47m OPTIONS [0m /v1/kpi/listSaleItem
2019/09/06 16:37:38.283 [D] [server.go:2774]  |            ::1|[97;43m 404 [0m|     781.53µs| nomatch|[97;46m POST    [0m /v1/kpi/listSaleItem
2019/09/06 16:37:49.053 [D] [server.go:2774]  |            ::1|[97;42m 200 [0m|    564.126µs| nomatch|[90;47m OPTIONS [0m /v1/auth/checkLogin
2019/09/06 16:37:49.094 [I] [value.go:447]  Check Login:  U1550639626724628891 true
2019/09/06 16:37:49.105 [D] [server.go:2774]  |            ::1|[97;42m 200 [0m|  12.103701ms|   match|[97;44m GET     [0m /v1/auth/checkLogin   r:/v1/auth/checkLogin
2019/09/06 16:37:49.135 [D] [server.go:2774]  |            ::1|[97;42m 200 [0m|      73.81µs| nomatch|[90;47m OPTIONS [0m /v1/kpi/listSaleItem
2019/09/06 16:37:49.142 [D] [server.go:2774]  |            ::1|[97;43m 404 [0m|   1.501397ms| nomatch|[97;46m POST    [0m /v1/kpi/listSaleItem
2019/09/06 16:39:17.493 [I] [asm_amd64.s:1337]  http server Running on http://:8080
2019/09/06 16:41:58.117 [I] [asm_amd64.s:1337]  http server Running on http://:8080
2019/09/06 16:49:57.974 [I] [asm_amd64.s:1337]  http server Running on http://:8080
2019/09/06 16:50:22.591 [D] [server.go:2774]  |            ::1|[97;42m 200 [0m|    347.184µs| nomatch|[90;47m OPTIONS [0m /v1/auth/checkLogin
2019/09/06 16:50:22.609 [I] [value.go:447]  Check Login:  U1550639626724628891 true
2019/09/06 16:50:23.184 [D] [server.go:2774]  |            ::1|[97;42m 200 [0m| 574.992072ms|   match|[97;44m GET     [0m /v1/auth/checkLogin   r:/v1/auth/checkLogin
2019/09/06 16:50:23.360 [D] [server.go:2774]  |            ::1|[97;42m 200 [0m|    113.184µs| nomatch|[90;47m OPTIONS [0m /v1/kpi/listSaleItem
2019/09/06 16:50:24.493 [E] [kpi.go:116]  /v1/kpi/listSaleItem &{0xc00008eb10 {0xc00008edb0} 67108758 0xc000020050} pq: column "territory" does not exist
2019/09/06 16:51:17.278 [I] [asm_amd64.s:1337]  http server Running on http://:8080
2019/09/06 16:51:27.298 [I] [asm_amd64.s:1337]  http server Running on http://:8080
2019/09/06 16:51:31.103 [D] [server.go:2774]  |            ::1|[97;42m 200 [0m|    212.294µs| nomatch|[90;47m OPTIONS [0m /v1/auth/checkLogin
2019/09/06 16:51:31.186 [I] [value.go:447]  Check Login:  U1550639626724628891 true
2019/09/06 16:51:31.204 [D] [server.go:2774]  |            ::1|[97;42m 200 [0m|  17.427766ms|   match|[97;44m GET     [0m /v1/auth/checkLogin   r:/v1/auth/checkLogin
2019/09/06 16:51:31.676 [D] [server.go:2774]  |            ::1|[97;42m 200 [0m|     91.577µs| nomatch|[90;47m OPTIONS [0m /v1/kpi/listSaleItem
2019/09/06 16:51:32.031 [D] [server.go:2774]  |            ::1|[97;42m 200 [0m| 330.510822ms|   match|[97;46m POST    [0m /v1/kpi/listSaleItem   r:/v1/kpi/listSaleItem
2019/09/06 16:52:52.598 [D] [server.go:2774]  |            ::1|[97;42m 200 [0m|   1.745897ms| nomatch|[90;47m OPTIONS [0m /v1/auth/checkLogin
2019/09/06 16:52:52.598 [D] [server.go:2774]  |            ::1|[97;42m 200 [0m|    385.919µs| nomatch|[90;47m OPTIONS [0m /v1/auth/checkLogin
2019/09/06 16:52:52.598 [D] [server.go:2774]  |            ::1|[97;42m 200 [0m|    476.694µs| nomatch|[90;47m OPTIONS [0m /v1/auth/checkLogin
2019/09/06 16:52:52.609 [I] [value.go:447]  Check Login:  U1550639626724628891 true
2019/09/06 16:52:52.631 [D] [server.go:2774]  |            ::1|[97;42m 200 [0m|  21.753276ms|   match|[97;44m GET     [0m /v1/auth/checkLogin   r:/v1/auth/checkLogin
2019/09/06 16:52:52.687 [I] [value.go:447]  Check Login:  U1550639626724628891 true
2019/09/06 16:52:52.699 [D] [server.go:2774]  |            ::1|[97;42m 200 [0m|  12.200585ms|   match|[97;44m GET     [0m /v1/auth/checkLogin   r:/v1/auth/checkLogin
2019/09/06 16:52:52.700 [I] [value.go:447]  Check Login:  U1550639626724628891 true
2019/09/06 16:52:52.711 [D] [server.go:2774]  |            ::1|[97;42m 200 [0m|  10.627573ms|   match|[97;44m GET     [0m /v1/auth/checkLogin   r:/v1/auth/checkLogin
2019/09/06 16:52:53.904 [D] [server.go:2774]  |            ::1|[97;42m 200 [0m|     72.835µs| nomatch|[90;47m OPTIONS [0m /v1/kpi/listSaleItem
2019/09/06 16:52:53.930 [E] [kpi.go:116]  /v1/kpi/listSaleItem &{0xc000086210 {0xc0001d6810} 67108757 0xc000020050} pq: column "itemname" does not exist
2019/09/06 16:53:08.053 [D] [server.go:2774]  |            ::1|[97;42m 200 [0m|    718.042µs| nomatch|[90;47m OPTIONS [0m /v1/auth/login
2019/09/06 16:53:08.138 [D] [server.go:2774]  |            ::1|[97;42m 200 [0m|  80.781979ms|   match|[97;46m POST    [0m /v1/auth/login   r:/v1/auth/login
2019/09/06 16:53:08.166 [D] [server.go:2774]  |            ::1|[97;42m 200 [0m|     79.086µs| nomatch|[90;47m OPTIONS [0m /v1/auth/checkLogin
2019/09/06 16:53:08.172 [I] [value.go:447]  Check Login:  U1550639626724628891 true
2019/09/06 16:53:08.190 [D] [server.go:2774]  |            ::1|[97;42m 200 [0m|   18.49429ms|   match|[97;44m GET     [0m /v1/auth/checkLogin   r:/v1/auth/checkLogin
2019/09/06 16:53:11.358 [I] [value.go:447]  Check Login:  U1550639626724628891 true
2019/09/06 16:53:11.370 [D] [server.go:2774]  |            ::1|[97;42m 200 [0m|  12.316523ms|   match|[97;44m GET     [0m /v1/auth/checkLogin   r:/v1/auth/checkLogin
2019/09/06 16:53:11.390 [D] [server.go:2774]  |            ::1|[97;42m 200 [0m|    112.853µs| nomatch|[90;47m OPTIONS [0m /v1/kpi/listSaleItem
2019/09/06 16:53:11.438 [E] [kpi.go:116]  /v1/kpi/listSaleItem &{0xc0000a3230 {0xc0000a3470} 67108757 0xc000020050} pq: column "itemname" does not exist
2019/09/06 16:53:14.237 [D] [server.go:2774]  |            ::1|[97;42m 200 [0m|     53.272µs| nomatch|[90;47m OPTIONS [0m /v1/auth/checkLogin
2019/09/06 16:53:14.268 [I] [value.go:447]  Check Login:  U1550639626724628891 true
2019/09/06 16:53:14.282 [D] [server.go:2774]  |            ::1|[97;42m 200 [0m|  14.926129ms|   match|[97;44m GET     [0m /v1/auth/checkLogin   r:/v1/auth/checkLogin
2019/09/06 16:53:14.529 [D] [server.go:2774]  |            ::1|[97;42m 200 [0m| 222.256813ms|   match|[97;46m POST    [0m /v1/kpi/listSaleItem   r:/v1/kpi/listSaleItem
2019/09/06 16:54:05.928 [D] [server.go:2774]  |            ::1|[97;42m 200 [0m|    100.447µs| nomatch|[90;47m OPTIONS [0m /v1/auth/checkLogin
2019/09/06 16:54:05.970 [I] [value.go:447]  Check Login:  U1550639626724628891 true
2019/09/06 16:54:05.984 [D] [server.go:2774]  |            ::1|[97;42m 200 [0m|  13.566693ms|   match|[97;44m GET     [0m /v1/auth/checkLogin   r:/v1/auth/checkLogin
2019/09/06 16:54:07.014 [I] [value.go:447]  Check Login:  U1550639626724628891 true
2019/09/06 16:54:07.032 [D] [server.go:2774]  |            ::1|[97;42m 200 [0m|  18.026425ms|   match|[97;44m GET     [0m /v1/auth/checkLogin   r:/v1/auth/checkLogin
2019/09/06 16:54:10.746 [I] [value.go:447]  Check Login:  U1550639626724628891 true
2019/09/06 16:54:10.765 [D] [server.go:2774]  |            ::1|[97;42m 200 [0m|  18.955573ms|   match|[97;44m GET     [0m /v1/auth/checkLogin   r:/v1/auth/checkLogin
2019/09/06 16:54:10.985 [D] [server.go:2774]  |            ::1|[97;42m 200 [0m|     69.142µs| nomatch|[90;47m OPTIONS [0m /v1/kpi/listSaleItem
2019/09/06 16:54:11.124 [D] [server.go:2774]  |            ::1|[97;42m 200 [0m| 136.361346ms|   match|[97;46m POST    [0m /v1/kpi/listSaleItem   r:/v1/kpi/listSaleItem
2019/09/06 16:55:34.539 [I] [asm_amd64.s:1337]  http server Running on http://:8080
2019/09/06 16:55:53.399 [D] [server.go:2774]  |            ::1|[97;42m 200 [0m|    108.293µs| nomatch|[90;47m OPTIONS [0m /v1/auth/checkLogin
2019/09/06 16:55:53.417 [I] [value.go:447]  Check Login:  U1550639626724628891 true
2019/09/06 16:55:53.434 [D] [server.go:2774]  |            ::1|[97;42m 200 [0m|  17.204065ms|   match|[97;44m GET     [0m /v1/auth/checkLogin   r:/v1/auth/checkLogin
2019/09/06 16:55:53.658 [D] [server.go:2774]  |            ::1|[97;42m 200 [0m|     78.327µs| nomatch|[90;47m OPTIONS [0m /v1/kpi/listSaleItem
2019/09/06 16:55:53.689 [D] [server.go:2774]  |            ::1|[97;42m 200 [0m|  13.407972ms|   match|[97;46m POST    [0m /v1/kpi/listSaleItem   r:/v1/kpi/listSaleItem
2019/09/06 16:56:16.506 [D] [server.go:2774]  |            ::1|[97;42m 200 [0m|     68.059µs| nomatch|[90;47m OPTIONS [0m /v1/auth/checkLogin
2019/09/06 16:56:16.515 [I] [value.go:447]  Check Login:  U1550639626724628891 true
2019/09/06 16:56:16.526 [D] [server.go:2774]  |            ::1|[97;42m 200 [0m|  10.361831ms|   match|[97;44m GET     [0m /v1/auth/checkLogin   r:/v1/auth/checkLogin
2019/09/06 16:56:16.554 [D] [server.go:2774]  |            ::1|[97;42m 200 [0m|    148.453µs| nomatch|[90;47m OPTIONS [0m /v1/kpi/listSaleItem
2019/09/06 16:56:16.587 [E] [kpi.go:116]  /v1/kpi/listSaleItem &{0xc000080270 {0xc000434900} 67108757 0xc000020050} pq: column "itemname" does not exist
2019/09/06 16:56:49.039 [D] [server.go:2774]  |            ::1|[97;42m 200 [0m|     206.78µs| nomatch|[90;47m OPTIONS [0m /v1/auth/checkLogin
2019/09/06 16:56:49.050 [I] [value.go:447]  Check Login:  U1550639626724628891 true
2019/09/06 16:56:49.068 [D] [server.go:2774]  |            ::1|[97;42m 200 [0m|   18.58519ms|   match|[97;44m GET     [0m /v1/auth/checkLogin   r:/v1/auth/checkLogin
2019/09/06 16:56:55.449 [I] [asm_amd64.s:1337]  http server Running on http://:8080
2019/09/06 17:00:16.434 [D] [server.go:2774]  |            ::1|[97;42m 200 [0m|    607.599µs| nomatch|[90;47m OPTIONS [0m /v1/auth/checkLogin
2019/09/06 17:00:16.444 [I] [value.go:447]  Check Login:  U1550639626724628891 true
2019/09/06 17:00:16.456 [D] [server.go:2774]  |            ::1|[97;42m 200 [0m|  13.158206ms|   match|[97;44m GET     [0m /v1/auth/checkLogin   r:/v1/auth/checkLogin
2019/09/06 17:00:16.479 [D] [server.go:2774]  |            ::1|[97;42m 200 [0m|    118.574µs| nomatch|[90;47m OPTIONS [0m /v1/kpi/listSaleItem
2019/09/06 17:00:16.503 [D] [server.go:2774]  |            ::1|[97;42m 200 [0m|  19.743169ms|   match|[97;46m POST    [0m /v1/kpi/listSaleItem   r:/v1/kpi/listSaleItem
2019/09/06 17:00:25.909 [D] [server.go:2774]  |            ::1|[97;42m 200 [0m|     82.879µs| nomatch|[90;47m OPTIONS [0m /v1/auth/checkLogin
2019/09/06 17:00:25.929 [I] [value.go:447]  Check Login:  U1550639626724628891 true
2019/09/06 17:00:26.826 [D] [server.go:2774]  |            ::1|[97;42m 200 [0m|  897.14293ms|   match|[97;44m GET     [0m /v1/auth/checkLogin   r:/v1/auth/checkLogin
2019/09/06 17:00:26.846 [D] [server.go:2774]  |            ::1|[97;42m 200 [0m|    207.763µs| nomatch|[90;47m OPTIONS [0m /v1/kpi/listSaleItem
2019/09/06 17:00:27.081 [D] [server.go:2774]  |            ::1|[97;42m 200 [0m| 230.612788ms|   match|[97;46m POST    [0m /v1/kpi/listSaleItem   r:/v1/kpi/listSaleItem
2019/09/06 17:00:29.488 [I] [value.go:447]  Check Login:  U1550639626724628891 true
2019/09/06 17:00:29.504 [D] [server.go:2774]  |            ::1|[97;42m 200 [0m|  16.849146ms|   match|[97;44m GET     [0m /v1/auth/checkLogin   r:/v1/auth/checkLogin
2019/09/06 17:00:29.590 [D] [server.go:2774]  |            ::1|[97;42m 200 [0m|  26.083015ms|   match|[97;46m POST    [0m /v1/kpi/listSaleItem   r:/v1/kpi/listSaleItem
2019/09/06 17:01:19.999 [D] [server.go:2774]  |            ::1|[97;42m 200 [0m|    968.248µs| nomatch|[90;47m OPTIONS [0m /v1/auth/checkLogin
2019/09/06 17:01:20.025 [I] [value.go:447]  Check Login:  U1550639626724628891 true
2019/09/06 17:01:20.050 [D] [server.go:2774]  |            ::1|[97;42m 200 [0m|  25.972692ms|   match|[97;44m GET     [0m /v1/auth/checkLogin   r:/v1/auth/checkLogin
2019/09/06 17:01:20.234 [D] [server.go:2774]  |            ::1|[97;42m 200 [0m|     93.068µs| nomatch|[90;47m OPTIONS [0m /v1/kpi/listSaleItem
2019/09/06 17:01:20.262 [D] [server.go:2774]  |            ::1|[97;42m 200 [0m|  17.011439ms|   match|[97;46m POST    [0m /v1/kpi/listSaleItem   r:/v1/kpi/listSaleItem
2019/09/06 17:02:30.490 [D] [server.go:2774]  |            ::1|[97;42m 200 [0m|    107.795µs| nomatch|[90;47m OPTIONS [0m /v1/auth/checkLogin
2019/09/06 17:02:30.502 [I] [value.go:447]  Check Login:  U1550639626724628891 true
2019/09/06 17:02:30.513 [D] [server.go:2774]  |            ::1|[97;42m 200 [0m|     12.303ms|   match|[97;44m GET     [0m /v1/auth/checkLogin   r:/v1/auth/checkLogin
2019/09/06 17:02:30.555 [D] [server.go:2774]  |            ::1|[97;42m 200 [0m|     90.923µs| nomatch|[90;47m OPTIONS [0m /v1/kpi/listSaleItem
2019/09/06 17:02:30.582 [D] [server.go:2774]  |            ::1|[97;42m 200 [0m|  17.261738ms|   match|[97;46m POST    [0m /v1/kpi/listSaleItem   r:/v1/kpi/listSaleItem
2019/09/06 17:02:31.813 [I] [value.go:447]  Check Login:  U1550639626724628891 true
2019/09/06 17:02:31.835 [D] [server.go:2774]  |            ::1|[97;42m 200 [0m|  22.079754ms|   match|[97;44m GET     [0m /v1/auth/checkLogin   r:/v1/auth/checkLogin
2019/09/06 17:02:31.877 [D] [server.go:2774]  |            ::1|[97;42m 200 [0m|  26.257782ms|   match|[97;46m POST    [0m /v1/kpi/listSaleItem   r:/v1/kpi/listSaleItem
2019/09/06 17:02:57.718 [D] [server.go:2774]  |            ::1|[97;42m 200 [0m|     63.969µs| nomatch|[90;47m OPTIONS [0m /v1/auth/checkLogin
2019/09/06 17:02:57.742 [I] [value.go:447]  Check Login:  U1550639626724628891 true
2019/09/06 17:02:57.755 [D] [server.go:2774]  |            ::1|[97;42m 200 [0m|   13.94438ms|   match|[97;44m GET     [0m /v1/auth/checkLogin   r:/v1/auth/checkLogin
2019/09/06 17:02:57.855 [D] [server.go:2774]  |            ::1|[97;42m 200 [0m|     68.227µs| nomatch|[90;47m OPTIONS [0m /v1/kpi/listSaleItem
2019/09/06 17:02:57.880 [D] [server.go:2774]  |            ::1|[97;42m 200 [0m|  19.443602ms|   match|[97;46m POST    [0m /v1/kpi/listSaleItem   r:/v1/kpi/listSaleItem
2019/09/06 17:03:54.180 [I] [asm_amd64.s:1337]  http server Running on http://:8080
2019/09/06 17:04:00.825 [D] [server.go:2774]  |            ::1|[97;42m 200 [0m|    144.785µs| nomatch|[90;47m OPTIONS [0m /v1/auth/checkLogin
2019/09/06 17:04:00.836 [I] [value.go:447]  Check Login:  U1550639626724628891 true
2019/09/06 17:04:00.848 [D] [server.go:2774]  |            ::1|[97;42m 200 [0m|  12.186208ms|   match|[97;44m GET     [0m /v1/auth/checkLogin   r:/v1/auth/checkLogin
2019/09/06 17:04:00.977 [D] [server.go:2774]  |            ::1|[97;42m 200 [0m|     93.895µs| nomatch|[90;47m OPTIONS [0m /v1/kpi/listSaleItem
2019/09/06 17:04:01.005 [D] [server.go:2774]  |            ::1|[97;42m 200 [0m|  23.797765ms|   match|[97;46m POST    [0m /v1/kpi/listSaleItem   r:/v1/kpi/listSaleItem
2019/09/06 17:04:31.653 [I] [asm_amd64.s:1337]  http server Running on http://:8080
2019/09/06 17:04:32.176 [D] [server.go:2774]  |            ::1|[97;42m 200 [0m|    173.901µs| nomatch|[90;47m OPTIONS [0m /v1/auth/checkLogin
2019/09/06 17:04:32.179 [I] [value.go:447]  Check Login:  U1550639626724628891 true
2019/09/06 17:04:32.190 [D] [server.go:2774]  |            ::1|[97;42m 200 [0m|   10.76766ms|   match|[97;44m GET     [0m /v1/auth/checkLogin   r:/v1/auth/checkLogin
2019/09/06 17:04:32.316 [D] [server.go:2774]  |            ::1|[97;42m 200 [0m|     72.399µs| nomatch|[90;47m OPTIONS [0m /v1/kpi/listSaleItem
2019/09/06 17:04:32.336 [D] [server.go:2774]  |            ::1|[97;42m 200 [0m|  17.998729ms|   match|[97;46m POST    [0m /v1/kpi/listSaleItem   r:/v1/kpi/listSaleItem
2019/09/06 17:06:09.463 [I] [asm_amd64.s:1337]  http server Running on http://:8080
2019/09/06 17:06:14.416 [I] [asm_amd64.s:1337]  http server Running on http://:8080
2019/09/06 17:07:13.325 [I] [asm_amd64.s:1337]  http server Running on http://:8080
2019/09/06 17:08:57.463 [D] [server.go:2774]  |            ::1|[97;42m 200 [0m|    196.243µs| nomatch|[90;47m OPTIONS [0m /v1/auth/checkLogin
2019/09/06 17:08:57.533 [I] [value.go:447]  Check Login:  U1550639626724628891 true
2019/09/06 17:08:57.545 [D] [server.go:2774]  |            ::1|[97;42m 200 [0m|  12.672186ms|   match|[97;44m GET     [0m /v1/auth/checkLogin   r:/v1/auth/checkLogin
2019/09/06 17:08:57.764 [D] [server.go:2774]  |            ::1|[97;42m 200 [0m|     97.273µs| nomatch|[90;47m OPTIONS [0m /v1/kpi/listSaleItem
2019/09/06 17:08:57.778 [E] [kpi.go:116]  /v1/kpi/listSaleItem &{0xc0002a1620 {0xc0002a1770} 67108758 0xc000096030} pq: ORDER BY position 4 is not in select list
2019/09/06 17:09:38.747 [D] [server.go:2774]  |            ::1|[97;42m 200 [0m|    1.50757ms| nomatch|[90;47m OPTIONS [0m /v1/auth/checkLogin
2019/09/06 17:09:38.760 [I] [value.go:447]  Check Login:  U1550639626724628891 true
2019/09/06 17:09:38.772 [D] [server.go:2774]  |            ::1|[97;42m 200 [0m|  11.628737ms|   match|[97;44m GET     [0m /v1/auth/checkLogin   r:/v1/auth/checkLogin
2019/09/06 17:09:39.005 [D] [server.go:2774]  |            ::1|[97;42m 200 [0m|    131.525µs| nomatch|[90;47m OPTIONS [0m /v1/kpi/listSaleItem
2019/09/06 17:09:39.017 [E] [kpi.go:116]  /v1/kpi/listSaleItem &{0xc0000bb170 {0xc0001c0c00} 67108758 0xc000096030} pq: ORDER BY position 4 is not in select list
2019/09/06 17:09:41.203 [I] [asm_amd64.s:1337]  http server Running on http://:8080
2019/09/06 17:09:50.860 [D] [server.go:2774]  |            ::1|[97;42m 200 [0m|    187.252µs| nomatch|[90;47m OPTIONS [0m /v1/auth/checkLogin
2019/09/06 17:09:50.896 [I] [value.go:447]  Check Login:  U1550639626724628891 true
2019/09/06 17:09:50.908 [D] [server.go:2774]  |            ::1|[97;42m 200 [0m|  11.982261ms|   match|[97;44m GET     [0m /v1/auth/checkLogin   r:/v1/auth/checkLogin
2019/09/06 17:09:51.098 [D] [server.go:2774]  |            ::1|[97;42m 200 [0m|     69.366µs| nomatch|[90;47m OPTIONS [0m /v1/kpi/listSaleItem
2019/09/06 17:09:51.119 [D] [server.go:2774]  |            ::1|[97;42m 200 [0m|  14.221042ms|   match|[97;46m POST    [0m /v1/kpi/listSaleItem   r:/v1/kpi/listSaleItem
2019/09/06 17:10:01.765 [D] [server.go:2774]  |            ::1|[97;42m 200 [0m|     79.964µs| nomatch|[90;47m OPTIONS [0m /v1/auth/checkLogin
2019/09/06 17:10:01.776 [I] [value.go:447]  Check Login:  U1550639626724628891 true
2019/09/06 17:10:01.786 [D] [server.go:2774]  |            ::1|[97;42m 200 [0m|  10.181721ms|   match|[97;44m GET     [0m /v1/auth/checkLogin   r:/v1/auth/checkLogin
2019/09/06 17:10:01.806 [D] [server.go:2774]  |            ::1|[97;42m 200 [0m|    119.367µs| nomatch|[90;47m OPTIONS [0m /v1/kpi/listSaleItem
2019/09/06 17:10:01.824 [D] [server.go:2774]  |            ::1|[97;42m 200 [0m|  11.845691ms|   match|[97;46m POST    [0m /v1/kpi/listSaleItem   r:/v1/kpi/listSaleItem
2019/09/06 17:10:03.199 [I] [value.go:447]  Check Login:  U1550639626724628891 true
2019/09/06 17:10:03.211 [D] [server.go:2774]  |            ::1|[97;42m 200 [0m|  11.722516ms|   match|[97;44m GET     [0m /v1/auth/checkLogin   r:/v1/auth/checkLogin
2019/09/06 17:10:03.266 [D] [server.go:2774]  |            ::1|[97;42m 200 [0m|  21.460795ms|   match|[97;46m POST    [0m /v1/kpi/listSaleItem   r:/v1/kpi/listSaleItem
2019/09/06 17:10:07.987 [D] [server.go:2774]  |            ::1|[97;42m 200 [0m|     70.167µs| nomatch|[90;47m OPTIONS [0m /v1/auth/checkLogin
2019/09/06 17:10:08.039 [I] [value.go:447]  Check Login:  U1550639626724628891 true
2019/09/06 17:10:08.058 [D] [server.go:2774]  |            ::1|[97;42m 200 [0m|  19.622334ms|   match|[97;44m GET     [0m /v1/auth/checkLogin   r:/v1/auth/checkLogin
2019/09/06 17:10:08.096 [D] [server.go:2774]  |            ::1|[97;42m 200 [0m|     79.305µs| nomatch|[90;47m OPTIONS [0m /v1/kpi/listSaleItem
2019/09/06 17:10:08.120 [D] [server.go:2774]  |            ::1|[97;42m 200 [0m|  15.956484ms|   match|[97;46m POST    [0m /v1/kpi/listSaleItem   r:/v1/kpi/listSaleItem
2019/09/06 17:10:19.419 [D] [server.go:2774]  |            ::1|[97;42m 200 [0m|    304.307µs| nomatch|[90;47m OPTIONS [0m /v1/auth/checkLogin
2019/09/06 17:10:19.496 [I] [value.go:447]  Check Login:  U1550639626724628891 true
2019/09/06 17:10:19.508 [D] [server.go:2774]  |            ::1|[97;42m 200 [0m|  12.358737ms|   match|[97;44m GET     [0m /v1/auth/checkLogin   r:/v1/auth/checkLogin
2019/09/06 17:10:19.690 [D] [server.go:2774]  |            ::1|[97;42m 200 [0m|     96.651µs| nomatch|[90;47m OPTIONS [0m /v1/kpi/listSaleItem
2019/09/06 17:10:19.754 [D] [server.go:2774]  |            ::1|[97;42m 200 [0m|  30.420221ms|   match|[97;46m POST    [0m /v1/kpi/listSaleItem   r:/v1/kpi/listSaleItem
2019/09/06 17:10:27.564 [D] [server.go:2774]  |            ::1|[97;42m 200 [0m|    393.079µs| nomatch|[90;47m OPTIONS [0m /v1/auth/checkLogin
2019/09/06 17:10:27.647 [I] [value.go:447]  Check Login:  U1550639626724628891 true
2019/09/06 17:10:27.660 [D] [server.go:2774]  |            ::1|[97;42m 200 [0m|  12.559971ms|   match|[97;44m GET     [0m /v1/auth/checkLogin   r:/v1/auth/checkLogin
2019/09/06 17:10:27.756 [D] [server.go:2774]  |            ::1|[97;42m 200 [0m|     95.387µs| nomatch|[90;47m OPTIONS [0m /v1/kpi/listSaleItem
2019/09/06 17:10:27.772 [D] [server.go:2774]  |            ::1|[97;42m 200 [0m|  12.029616ms|   match|[97;46m POST    [0m /v1/kpi/listSaleItem   r:/v1/kpi/listSaleItem
2019/09/06 17:34:33.045 [D] [server.go:2774]  |            ::1|[97;42m 200 [0m|    810.778µs| nomatch|[90;47m OPTIONS [0m /v1/auth/checkLogin
2019/09/06 17:34:33.062 [I] [value.go:447]  Check Login:  U1550639626724628891 true
2019/09/06 17:34:33.075 [D] [server.go:2774]  |            ::1|[97;42m 200 [0m|  13.032439ms|   match|[97;44m GET     [0m /v1/auth/checkLogin   r:/v1/auth/checkLogin
2019/09/06 17:34:33.369 [D] [server.go:2774]  |            ::1|[97;42m 200 [0m|    154.159µs| nomatch|[90;47m OPTIONS [0m /v1/kpi/list
2019/09/06 17:34:33.387 [D] [server.go:2774]  |            ::1|[97;42m 200 [0m|  14.669318ms|   match|[97;46m POST    [0m /v1/kpi/list   r:/v1/kpi/list
2019/09/06 17:34:42.318 [D] [server.go:2774]  |            ::1|[97;42m 200 [0m|    876.774µs| nomatch|[90;47m OPTIONS [0m /v1/auth/checkLogin
2019/09/06 17:34:42.333 [I] [value.go:447]  Check Login:  U1550639626724628891 true
2019/09/06 17:34:42.347 [D] [server.go:2774]  |            ::1|[97;42m 200 [0m|  14.873229ms|   match|[97;44m GET     [0m /v1/auth/checkLogin   r:/v1/auth/checkLogin
2019/09/06 17:34:42.462 [D] [server.go:2774]  |            ::1|[97;42m 200 [0m|     83.195µs| nomatch|[90;47m OPTIONS [0m /v1/kpi/listUser
2019/09/06 17:34:42.485 [D] [server.go:2774]  |            ::1|[97;42m 200 [0m|  18.236658ms|   match|[97;46m POST    [0m /v1/kpi/listUser   r:/v1/kpi/listUser
2019/09/06 17:34:46.777 [I] [value.go:447]  Check Login:  U1550639626724628891 true
2019/09/06 17:34:46.787 [D] [server.go:2774]  |            ::1|[97;42m 200 [0m|   10.32465ms|   match|[97;44m GET     [0m /v1/auth/checkLogin   r:/v1/auth/checkLogin
2019/09/06 17:34:46.810 [D] [server.go:2774]  |            ::1|[97;42m 200 [0m|    963.333µs| nomatch|[90;47m OPTIONS [0m /v1/kpi/listSale
2019/09/06 17:34:46.837 [D] [server.go:2774]  |            ::1|[97;42m 200 [0m|  12.992922ms|   match|[97;46m POST    [0m /v1/kpi/listSale   r:/v1/kpi/listSale
2019/09/06 17:34:49.728 [D] [server.go:2774]  |            ::1|[97;42m 200 [0m|     97.026µs| nomatch|[90;47m OPTIONS [0m /v1/auth/checkLogin
2019/09/06 17:34:49.790 [I] [value.go:447]  Check Login:  U1550639626724628891 true
2019/09/06 17:34:49.802 [D] [server.go:2774]  |            ::1|[97;42m 200 [0m|  13.600735ms|   match|[97;44m GET     [0m /v1/auth/checkLogin   r:/v1/auth/checkLogin
2019/09/06 17:34:49.860 [D] [server.go:2774]  |            ::1|[97;42m 200 [0m|     76.828µs| nomatch|[90;47m OPTIONS [0m /v1/kpi/listSaleItem
2019/09/06 17:34:49.877 [D] [server.go:2774]  |            ::1|[97;42m 200 [0m|  13.477215ms|   match|[97;46m POST    [0m /v1/kpi/listSaleItem   r:/v1/kpi/listSaleItem
2019/09/06 17:35:49.238 [D] [server.go:2774]  |            ::1|[97;42m 200 [0m|    380.839µs| nomatch|[90;47m OPTIONS [0m /v1/auth/checkLogin
2019/09/06 17:35:49.314 [I] [value.go:447]  Check Login:  U1550639626724628891 true
2019/09/06 17:35:49.328 [D] [server.go:2774]  |            ::1|[97;42m 200 [0m|  13.751121ms|   match|[97;44m GET     [0m /v1/auth/checkLogin   r:/v1/auth/checkLogin
2019/09/06 17:35:49.620 [D] [server.go:2774]  |            ::1|[97;42m 200 [0m|   2.423372ms| nomatch|[90;47m OPTIONS [0m /v1/kpi/listSaleItem
2019/09/06 17:35:49.646 [D] [server.go:2774]  |            ::1|[97;42m 200 [0m|  18.991117ms|   match|[97;46m POST    [0m /v1/kpi/listSaleItem   r:/v1/kpi/listSaleItem
